# JRE version: OpenJDK Runtime Environment (22.0+36) (build 22+36-2370)
# Java VM: OpenJDK 64-Bit Server VM (22+36-2370, mixed mode, sharing, tiered, compressed oops, compressed class ptrs, g1 gc, windows-amd64)
GC Precious Log:
 CardTable entry size: 512
 Card Set container configuration: InlinePtr #cards 4 size 8 Array Of Cards #cards 16 size 48 Howl #buckets 8 coarsen threshold 3686 Howl Bitmap #cards 512 size 80 coarsen threshold 460 Card regions per heap region 1 cards per card region 4096
 CPUs: 8 total, 8 available
 Memory: 16078M
 Large Page Support: Disabled
 NUMA Support: Disabled
 Compressed Oops: Enabled (Zero based)
 Heap Region Size: 2M
 Heap Min Capacity: 8M
 Heap Initial Capacity: 252M
 Heap Max Capacity: 4020M
 Pre-touch: Disabled
 Parallel Workers: 8
 Concurrent Workers: 2
 Concurrent Refinement Workers: 8
 Periodic GC: Disabled
Heap:
 garbage-first heap   total reserved 4116480K, committed 14336K, used 2076K [0x0000000704c00000, 0x0000000800000000)
  region size 2048K, 1 young (2048K), 0 survivors (0K)
 Metaspace       used 6983K, committed 7168K, reserved 1114112K
  class space    used 635K, committed 704K, reserved 1048576K
GC Heap History (6 events):
Event: 75.791 GC heap before
{Heap before GC invocations=0 (full 0):
 garbage-first heap   total reserved 4116480K, committed 258048K, used 22528K [0x0000000704c00000, 0x0000000800000000)
  region size 2048K, 12 young (24576K), 0 survivors (0K)
 Metaspace       used 6756K, committed 6912K, reserved 1114112K
  class space    used 613K, committed 704K, reserved 1048576K
}
Event: 75.794 GC heap after
{Heap after GC invocations=1 (full 0):
 garbage-first heap   total reserved 4116480K, committed 258048K, used 2474K [0x0000000704c00000, 0x0000000800000000)
  region size 2048K, 2 young (4096K), 2 survivors (4096K)
 Metaspace       used 6756K, committed 6912K, reserved 1114112K
  class space    used 613K, committed 704K, reserved 1048576K
}
Event: 641.884 GC heap before
{Heap before GC invocations=1 (full 0):
 garbage-first heap   total reserved 4116480K, committed 258048K, used 14762K [0x0000000704c00000, 0x0000000800000000)
  region size 2048K, 9 young (18432K), 2 survivors (4096K)
 Metaspace       used 6865K, committed 7040K, reserved 1114112K
  class space    used 624K, committed 704K, reserved 1048576K
}
Event: 641.889 GC heap after
{Heap after GC invocations=2 (full 1):
 garbage-first heap   total reserved 4116480K, committed 40960K, used 2517K [0x0000000704c00000, 0x0000000800000000)
  region size 2048K, 0 young (0K), 0 survivors (0K)
 Metaspace       used 6865K, committed 7040K, reserved 1114112K
  class space    used 624K, committed 704K, reserved 1048576K
}
Event: 641.931 GC heap before
{Heap before GC invocations=2 (full 1):
 garbage-first heap   total reserved 4116480K, committed 40960K, used 2517K [0x0000000704c00000, 0x0000000800000000)
  region size 2048K, 1 young (2048K), 0 survivors (0K)
 Metaspace       used 6940K, committed 7104K, reserved 1114112K
  class space    used 629K, committed 704K, reserved 1048576K
}
Event: 641.937 GC heap after
{Heap after GC invocations=3 (full 2):
 garbage-first heap   total reserved 4116480K, committed 14336K, used 2330K [0x0000000704c00000, 0x0000000800000000)
  region size 2048K, 0 young (0K), 0 survivors (0K)
 Metaspace       used 6940K, committed 7104K, reserved 1114112K
  class space    used 629K, committed 704K, reserved 1048576K
}

